{"level":"info","message":"Migrating languages","timestamp":"2022-05-20T14:08:04.433Z"}
{"level":"info","message":"\u001b[32mLanguages have been imported successfully!\u001b[39m","timestamp":"2022-05-20T14:08:04.439Z"}
{"level":"info","message":"Migrating environment","timestamp":"2022-05-20T14:08:04.440Z"}
{"level":"info","message":"\u001b[32mEnvironments have been imported successfully!\u001b[39m","timestamp":"2022-05-20T14:08:06.418Z"}
{"level":"info","message":"Migrating assets","timestamp":"2022-05-20T14:08:06.428Z"}
{"level":"info","message":"Created folder: 'Contact'","timestamp":"2022-05-20T14:08:08.249Z"}
{"level":"info","message":"Created folder: 'Blogs'","timestamp":"2022-05-20T14:08:09.255Z"}
{"level":"info","message":"Created folder: 'About Us'","timestamp":"2022-05-20T14:08:10.343Z"}
{"level":"info","message":"Created folder: 'Homepage'","timestamp":"2022-05-20T14:08:11.347Z"}
{"level":"info","message":"Created folder: 'Icons'","timestamp":"2022-05-20T14:08:12.486Z"}
{"level":"info","message":"Created folder: 'Authors'","timestamp":"2022-05-20T14:08:13.607Z"}
{"level":"info","message":"Created folder: 'Logo'","timestamp":"2022-05-20T14:08:14.689Z"}
{"level":"info","message":"Asset blt897bc2fb09b79b5e published successfully","timestamp":"2022-05-20T14:08:16.914Z"}
{"level":"info","message":"Asset blt3f60e9442694f9d2 published successfully","timestamp":"2022-05-20T14:08:19.206Z"}
{"level":"info","message":"Completed asset import of batch no: 1","timestamp":"2022-05-20T14:08:19.208Z"}
{"level":"info","message":"Asset bltc0adfdcc9e15aefd published successfully","timestamp":"2022-05-20T14:08:22.848Z"}
{"level":"info","message":"Asset blt3fe28e9254107481 published successfully","timestamp":"2022-05-20T14:08:24.945Z"}
{"level":"info","message":"Completed asset import of batch no: 18","timestamp":"2022-05-20T14:08:24.948Z"}
{"level":"info","message":"Asset bltcb591db64ab80356 published successfully","timestamp":"2022-05-20T14:08:27.020Z"}
{"level":"info","message":"Asset bltb2d43663f39cc4e5 published successfully","timestamp":"2022-05-20T14:08:29.200Z"}
{"level":"info","message":"Completed asset import of batch no: 17","timestamp":"2022-05-20T14:08:29.202Z"}
{"level":"info","message":"Asset blta1f4d0e1225079f7 published successfully","timestamp":"2022-05-20T14:08:31.357Z"}
{"level":"info","message":"Asset bltdd785e1f617a3f18 published successfully","timestamp":"2022-05-20T14:08:33.576Z"}
{"level":"info","message":"Completed asset import of batch no: 16","timestamp":"2022-05-20T14:08:33.578Z"}
{"level":"info","message":"Asset blt04f90d3b711891ac published successfully","timestamp":"2022-05-20T14:08:35.642Z"}
{"level":"info","message":"Asset blt98218d251b887271 published successfully","timestamp":"2022-05-20T14:08:37.849Z"}
{"level":"info","message":"Completed asset import of batch no: 15","timestamp":"2022-05-20T14:08:37.851Z"}
{"level":"info","message":"Asset blt729c7d6b2df287be published successfully","timestamp":"2022-05-20T14:08:40.360Z"}
{"level":"info","message":"Asset bltc93cb07294a23ef1 published successfully","timestamp":"2022-05-20T14:08:42.499Z"}
{"level":"info","message":"Completed asset import of batch no: 14","timestamp":"2022-05-20T14:08:42.501Z"}
{"level":"info","message":"Asset bltf11dca0c7687ff06 published successfully","timestamp":"2022-05-20T14:08:44.810Z"}
{"level":"info","message":"Asset bltef751a4e9fbb64ed published successfully","timestamp":"2022-05-20T14:08:47.415Z"}
{"level":"info","message":"Completed asset import of batch no: 13","timestamp":"2022-05-20T14:08:47.417Z"}
{"level":"info","message":"Asset bltb58c072637f849e3 published successfully","timestamp":"2022-05-20T14:08:49.441Z"}
{"level":"info","message":"Asset blt5e8f66930fd21f21 published successfully","timestamp":"2022-05-20T14:08:52.795Z"}
{"level":"info","message":"Completed asset import of batch no: 12","timestamp":"2022-05-20T14:08:52.797Z"}
{"level":"info","message":"Asset blt08f036c13b04f9f9 published successfully","timestamp":"2022-05-20T14:08:54.884Z"}
{"level":"info","message":"Asset bltb5bbb9d67d6797ab published successfully","timestamp":"2022-05-20T14:08:57.323Z"}
{"level":"info","message":"Completed asset import of batch no: 11","timestamp":"2022-05-20T14:08:57.325Z"}
{"level":"info","message":"Asset bltb5a9febbb00189e4 published successfully","timestamp":"2022-05-20T14:09:00.062Z"}
{"level":"info","message":"Asset bltc660dee7149f3e26 published successfully","timestamp":"2022-05-20T14:09:02.653Z"}
{"level":"info","message":"Completed asset import of batch no: 10","timestamp":"2022-05-20T14:09:02.655Z"}
{"level":"info","message":"Asset blt3d6ae9f544a9e904 published successfully","timestamp":"2022-05-20T14:09:05.559Z"}
{"level":"info","message":"Asset bltc79051554912f9f3 published successfully","timestamp":"2022-05-20T14:09:07.939Z"}
{"level":"info","message":"Completed asset import of batch no: 9","timestamp":"2022-05-20T14:09:07.941Z"}
{"level":"info","message":"Asset blt455db8f53f98230c published successfully","timestamp":"2022-05-20T14:09:10.738Z"}
{"level":"info","message":"Asset bltfdf108d0959b662d published successfully","timestamp":"2022-05-20T14:09:13.013Z"}
{"level":"info","message":"Completed asset import of batch no: 8","timestamp":"2022-05-20T14:09:13.015Z"}
{"level":"info","message":"Asset blt3af8873758aec2cd published successfully","timestamp":"2022-05-20T14:09:15.285Z"}
{"level":"info","message":"Asset blt6ae27e4e7ceda467 published successfully","timestamp":"2022-05-20T14:09:17.779Z"}
{"level":"info","message":"Completed asset import of batch no: 7","timestamp":"2022-05-20T14:09:17.781Z"}
{"level":"info","message":"Asset bltcc24ccc925469760 published successfully","timestamp":"2022-05-20T14:09:20.747Z"}
{"level":"info","message":"Asset blt0fb07be6719c2940 published successfully","timestamp":"2022-05-20T14:09:23.493Z"}
{"level":"info","message":"Completed asset import of batch no: 6","timestamp":"2022-05-20T14:09:23.493Z"}
{"level":"info","message":"Asset blta5c92c53a6722969 published successfully","timestamp":"2022-05-20T14:09:25.970Z"}
{"level":"info","message":"Asset blt0656f6d06de07d26 published successfully","timestamp":"2022-05-20T14:09:28.563Z"}
{"level":"info","message":"Completed asset import of batch no: 5","timestamp":"2022-05-20T14:09:28.565Z"}
{"level":"info","message":"Asset blt98daa68806fdd50d published successfully","timestamp":"2022-05-20T14:09:31.189Z"}
{"level":"info","message":"Asset blt6255cd8c192479f8 published successfully","timestamp":"2022-05-20T14:09:33.445Z"}
{"level":"info","message":"Completed asset import of batch no: 4","timestamp":"2022-05-20T14:09:33.447Z"}
{"level":"info","message":"Asset bltbfd3881a289abe58 published successfully","timestamp":"2022-05-20T14:09:35.847Z"}
{"level":"info","message":"Asset blt05bd13906231dc48 published successfully","timestamp":"2022-05-20T14:09:38.462Z"}
{"level":"info","message":"Completed asset import of batch no: 3","timestamp":"2022-05-20T14:09:38.464Z"}
{"level":"info","message":"Asset bltdf512efd771c25b2 published successfully","timestamp":"2022-05-20T14:09:41.069Z"}
{"level":"info","message":"Asset bltfa9db8ef0da4b0ae published successfully","timestamp":"2022-05-20T14:09:43.583Z"}
{"level":"info","message":"Completed asset import of batch no: 2","timestamp":"2022-05-20T14:09:43.585Z"}
{"level":"info","message":"\u001b[32m36 assets uploaded successfully!\u001b[39m","timestamp":"2022-05-20T14:09:43.586Z"}
{"level":"info","message":"\u001b[37mMigrating extensions\u001b[39m","timestamp":"2022-05-20T14:09:43.588Z"}
{"level":"info","message":"\u001b[32mExtensions have been imported successfully!\u001b[39m","timestamp":"2022-05-20T14:09:46.968Z"}
{"level":"info","message":"\u001b[37mMigrating webhooks\u001b[39m","timestamp":"2022-05-20T14:09:46.972Z"}
{"level":"info","message":"\u001b[37mNo Webhooks Found\u001b[39m","timestamp":"2022-05-20T14:09:46.976Z"}
{"level":"info","message":"\u001b[37mMigrating global-fields\u001b[39m","timestamp":"2022-05-20T14:09:46.983Z"}
{"level":"info","message":"\u001b[32mGlobal field seo created successfully\u001b[39m","timestamp":"2022-05-20T14:09:48.127Z"}
{"level":"info","message":"\u001b[32mglobalfields have been imported successfully!\u001b[39m","timestamp":"2022-05-20T14:09:48.129Z"}
{"level":"info","message":"Migrating contenttypes","timestamp":"2022-05-20T14:09:48.135Z"}
{"level":"info","message":"author was updated successfully!","timestamp":"2022-05-20T14:09:55.378Z"}
{"level":"info","message":"blog_post was updated successfully!","timestamp":"2022-05-20T14:09:57.381Z"}
{"level":"info","message":"page was updated successfully!","timestamp":"2022-05-20T14:09:59.504Z"}
{"level":"info","message":"footer was updated successfully!","timestamp":"2022-05-20T14:10:01.567Z"}
{"level":"info","message":"header was updated successfully!","timestamp":"2022-05-20T14:10:03.700Z"}
{"level":"info","message":"\u001b[32mContent types have been imported successfully!\u001b[39m","timestamp":"2022-05-20T14:10:03.701Z"}
{"level":"info","message":"\u001b[37mMigrating workflows\u001b[39m","timestamp":"2022-05-20T14:10:03.705Z"}
{"level":"info","message":"\u001b[32mWorkflows have been imported successfully!\u001b[39m","timestamp":"2022-05-20T14:10:03.707Z"}
{"level":"info","message":"Migrating entries","timestamp":"2022-05-20T14:10:03.718Z"}
{"level":"info","message":"\u001b[37mSuppressing content type fields...\u001b[39m","timestamp":"2022-05-20T14:10:03.719Z"}
{"level":"info","message":"Creating entries for content type author in language en-us ...","timestamp":"2022-05-20T14:10:09.006Z"}
{"level":"info","message":"10 entries created successfully in author content type in en-us locale!","timestamp":"2022-05-20T14:10:19.381Z"}
{"level":"info","message":"Creating entries for content type page in language en-us ...","timestamp":"2022-05-20T14:10:19.384Z"}
{"level":"info","message":"4 entries created successfully in page content type in en-us locale!","timestamp":"2022-05-20T14:10:24.649Z"}
{"level":"info","message":"Creating entries for content type header in language en-us ...","timestamp":"2022-05-20T14:10:24.650Z"}
{"level":"info","message":"1 entries created successfully in header content type in en-us locale!","timestamp":"2022-05-20T14:10:25.680Z"}
{"level":"info","message":"Creating entries for content type footer in language en-us ...","timestamp":"2022-05-20T14:10:25.683Z"}
{"level":"info","message":"1 entries created successfully in footer content type in en-us locale!","timestamp":"2022-05-20T14:10:26.706Z"}
{"level":"info","message":"Creating entries for content type blog_post in language en-us ...","timestamp":"2022-05-20T14:10:26.708Z"}
{"level":"info","message":"6 entries created successfully in blog_post content type in en-us locale!","timestamp":"2022-05-20T14:10:33.033Z"}
{"level":"info","message":"\u001b[32mEntries created successfully in 'en-us' language\u001b[39m","timestamp":"2022-05-20T14:10:33.034Z"}
{"level":"info","message":"No entries without mapped uid found!","timestamp":"2022-05-20T14:10:33.035Z"}
{"level":"info","message":"Completed re-post entries batch no: 1 successfully!","timestamp":"2022-05-20T14:10:35.324Z"}
{"level":"info","message":"Completed re-post entries batch no: 3 successfully!","timestamp":"2022-05-20T14:10:37.537Z"}
{"level":"info","message":"Completed re-post entries batch no: 2 successfully!","timestamp":"2022-05-20T14:10:39.715Z"}
{"level":"info","message":"Imported entries of Content Type: 'blog_post' in language: 'en-us' successfully!","timestamp":"2022-05-20T14:10:39.715Z"}
{"level":"info","message":"Completed re-post entries batch no: 1 successfully!","timestamp":"2022-05-20T14:10:41.886Z"}
{"level":"info","message":"Completed re-post entries batch no: 2 successfully!","timestamp":"2022-05-20T14:10:45.093Z"}
{"level":"info","message":"Imported entries of Content Type: 'page' in language: 'en-us' successfully!","timestamp":"2022-05-20T14:10:45.093Z"}
{"level":"info","message":"Completed re-post entries batch no: 1 successfully!","timestamp":"2022-05-20T14:10:46.201Z"}
{"level":"info","message":"Imported entries of Content Type: 'header' in language: 'en-us' successfully!","timestamp":"2022-05-20T14:10:46.201Z"}
{"level":"info","message":"\u001b[32mImported entries in 'en-us' language successfully!\u001b[39m","timestamp":"2022-05-20T14:10:46.201Z"}
{"level":"info","message":"Successfully imported 'en-us' entries!","timestamp":"2022-05-20T14:10:46.201Z"}
{"level":"info","message":"\u001b[37mContent type: 'author' has been restored to its previous glory!\u001b[39m","timestamp":"2022-05-20T14:10:48.220Z"}
{"level":"info","message":"\u001b[37mContent type: 'page' has been restored to its previous glory!\u001b[39m","timestamp":"2022-05-20T14:10:50.621Z"}
{"level":"info","message":"\u001b[37mContent type: 'header' has been restored to its previous glory!\u001b[39m","timestamp":"2022-05-20T14:10:52.662Z"}
{"level":"info","message":"\u001b[37mContent type: 'footer' has been restored to its previous glory!\u001b[39m","timestamp":"2022-05-20T14:10:54.740Z"}
{"level":"info","message":"\u001b[37mContent type: 'blog_post' has been restored to its previous glory!\u001b[39m","timestamp":"2022-05-20T14:10:56.679Z"}
{"level":"info","message":"Re-modified content type schemas to their original form!","timestamp":"2022-05-20T14:10:56.680Z"}
{"level":"info","message":"\u001b[32mThe stack has been eradicated from bugged entries!\u001b[39m","timestamp":"2022-05-20T14:10:56.681Z"}
{"level":"info","message":"\u001b[32mEntries have been imported successfully!\u001b[39m","timestamp":"2022-05-20T14:10:56.681Z"}
{"level":"info","message":"\u001b[32mAll the entries have been published successfully\u001b[39m","timestamp":"2022-05-20T14:11:21.378Z"}
{"level":"info","message":"\u001b[37mMigrating labels\u001b[39m","timestamp":"2022-05-20T14:11:21.382Z"}
{"level":"info","message":"\u001b[32mLabels have been imported successfully!\u001b[39m","timestamp":"2022-05-20T14:11:21.384Z"}
{"level":"info","message":"\u001b[32mStack: blt1d39106bf888ddac has been imported succesfully!\u001b[39m","timestamp":"2022-05-20T14:11:21.385Z"}
{"level":"info","message":"The log for this is stored at /home/amit/Documents/stack-export-mktplc/stack-starter-app/stack/logs/import","timestamp":"2022-05-20T14:11:21.385Z"}
