{"level":"info","message":"Starting assets export","timestamp":"2022-05-20T12:18:23.681Z"}
{"level":"info","message":"Downloaded cloud-computing.svg: blta277dbfb2bc19741 successfully!","timestamp":"2022-05-20T12:18:27.571Z"}
{"level":"info","message":"Downloaded Jane_Austen_Headshot.jpg: blte35ae00a16e492c4 successfully!","timestamp":"2022-05-20T12:18:27.572Z"}
{"level":"info","message":"Downloaded Virginia_Woolf_Headshot.jpg: blta04808c66bd33192 successfully!","timestamp":"2022-05-20T12:18:27.582Z"}
{"level":"info","message":"Downloaded Maya_Angelou_Headshot.jpg: bltc2f05701e9e4a9d6 successfully!","timestamp":"2022-05-20T12:18:27.585Z"}
{"level":"info","message":"Downloaded pierre-cox.svg: blta42d20559b64cc39 successfully!","timestamp":"2022-05-20T12:18:27.586Z"}
{"level":"info","message":"Downloaded alden-cantrell.svg: blte72514990021902f successfully!","timestamp":"2022-05-20T12:18:29.023Z"}
{"level":"info","message":"Downloaded business-with-al.svg: blt56cb6cead418964b successfully!","timestamp":"2022-05-20T12:18:29.034Z"}
{"level":"info","message":"Downloaded AlbertEinstein.jpeg: bltffe2ea22ccd247ac successfully!","timestamp":"2022-05-20T12:18:29.040Z"}
{"level":"info","message":"Downloaded traditional-decoupled-_headless-cms.svg: blt1375bf8be8d30ef9 successfully!","timestamp":"2022-05-20T12:18:29.063Z"}
{"level":"info","message":"Downloaded thomas-crane.svg: blt1277816c13e0aafb successfully!","timestamp":"2022-05-20T12:18:29.327Z"}
{"level":"info","message":"Downloaded about-us.svg: blt4c5d0df9a6797158 successfully!","timestamp":"2022-05-20T12:18:30.313Z"}
{"level":"info","message":"Downloaded cierra-vega.svg: blt6047f718fbed8bc0 successfully!","timestamp":"2022-05-20T12:18:30.493Z"}
{"level":"info","message":"Downloaded Charles_Dickens_Headshot.jpg: bltdb30200944f1d661 successfully!","timestamp":"2022-05-20T12:18:30.701Z"}
{"level":"info","message":"Downloaded Zora_Neale_Hurston_Headshot.jpg: blt83a3659db14986c1 successfully!","timestamp":"2022-05-20T12:18:30.842Z"}
{"level":"info","message":"Downloaded our-story.svg: blt3b53d93c43e04d23 successfully!","timestamp":"2022-05-20T12:18:30.930Z"}
{"level":"info","message":"Downloaded company-logo.svg: blt5d2531f23778741c successfully!","timestamp":"2022-05-20T12:18:32.075Z"}
{"level":"info","message":"Downloaded Mark_Twain_Headshot.jpg: blt2114e7467b1095af successfully!","timestamp":"2022-05-20T12:18:32.120Z"}
{"level":"info","message":"Downloaded W._E._B._Du_Bois_Headshot.jpg: blt244c86a112c69f84 successfully!","timestamp":"2022-05-20T12:18:32.275Z"}
{"level":"info","message":"Downloaded modern-cloud-ecosystem.svg: blt4b13107f3d2426fa successfully!","timestamp":"2022-05-20T12:18:32.358Z"}
{"level":"info","message":"Downloaded Charlotte_Bronte_Headshot.png: blt1a8f1c231dd67c95 successfully!","timestamp":"2022-05-20T12:18:32.768Z"}
{"level":"info","message":"Batch no 1 of assets is complete","timestamp":"2022-05-20T12:18:32.770Z"}
{"level":"info","message":"Downloaded security.svg: bltbb77f1bf6fed34df successfully!","timestamp":"2022-05-20T12:18:35.145Z"}
{"level":"info","message":"Downloaded data-mining.svg: blt9cec44844471eab6 successfully!","timestamp":"2022-05-20T12:18:35.163Z"}
{"level":"info","message":"Downloaded Twitter.svg: bltf2556be9caf39477 successfully!","timestamp":"2022-05-20T12:18:35.207Z"}
{"level":"info","message":"Downloaded help-for-the-next-step.svg: blt419ceadb419300b3 successfully!","timestamp":"2022-05-20T12:18:35.302Z"}
{"level":"info","message":"Downloaded headless-cms-solution.svg: blt654a0e1441ae40ab successfully!","timestamp":"2022-05-20T12:18:35.445Z"}
{"level":"info","message":"Downloaded winning-digital-strategy.svg: blt98355a32d2d21c79 successfully!","timestamp":"2022-05-20T12:18:36.381Z"}
{"level":"info","message":"Downloaded artificial-intelligence.svg: bltb3d8d1b227ce1bda successfully!","timestamp":"2022-05-20T12:18:36.459Z"}
{"level":"info","message":"Downloaded bucket3.svg: blt8af3bf77e55a5e36 successfully!","timestamp":"2022-05-20T12:18:36.605Z"}
{"level":"info","message":"Downloaded ben.jpeg: bltb8bd4be6748d5840 successfully!","timestamp":"2022-05-20T12:18:36.656Z"}
{"level":"info","message":"Downloaded Icon_Artwork_2.svg: blt5447110fc40f93cf successfully!","timestamp":"2022-05-20T12:18:36.669Z"}
{"level":"info","message":"Downloaded bucket1.svg: blt16b576f3656fa932 successfully!","timestamp":"2022-05-20T12:18:37.760Z"}
{"level":"info","message":"Downloaded Icon_Artwork_1.svg: bltdd854a693c863c59 successfully!","timestamp":"2022-05-20T12:18:37.771Z"}
{"level":"info","message":"Downloaded bucket2.svg: blt26654889c36cff7d successfully!","timestamp":"2022-05-20T12:18:37.908Z"}
{"level":"info","message":"Downloaded Instagram.svg: blt1925b2f6a561103b successfully!","timestamp":"2022-05-20T12:18:38.168Z"}
{"level":"info","message":"Downloaded map-of-brimingham-city.svg: blt874aa85d74745260 successfully!","timestamp":"2022-05-20T12:18:38.791Z"}
{"level":"info","message":"Downloaded facebook.svg: blt4520dcb61ce51e32 successfully!","timestamp":"2022-05-20T12:18:39.033Z"}
{"level":"info","message":"Batch no 21 of assets is complete","timestamp":"2022-05-20T12:18:39.034Z"}
{"level":"info","message":"Asset-folders have been successfully exported!","timestamp":"2022-05-20T12:18:40.970Z"}
{"level":"info","message":"\u001b[32mAsset export completed successfully\u001b[39m","timestamp":"2022-05-20T12:18:40.971Z"}
{"level":"info","message":"Starting locale export","timestamp":"2022-05-20T12:18:40.982Z"}
{"level":"info","message":"No languages found except the master language","timestamp":"2022-05-20T12:18:42.036Z"}
{"level":"info","message":"Starting environment export","timestamp":"2022-05-20T12:18:42.047Z"}
{"level":"info","message":"\u001b[32mAll the environments have been exported successfully\u001b[39m","timestamp":"2022-05-20T12:18:43.081Z"}
{"level":"info","message":"Starting extension export","timestamp":"2022-05-20T12:18:43.090Z"}
{"level":"info","message":"\u001b[32mAll the extensions have been exported successfully\u001b[39m","timestamp":"2022-05-20T12:18:44.146Z"}
{"level":"info","message":"Starting webhooks export","timestamp":"2022-05-20T12:18:44.155Z"}
{"level":"info","message":"No webhooks found","timestamp":"2022-05-20T12:18:45.098Z"}
{"level":"info","message":"Starting Global Fields export","timestamp":"2022-05-20T12:18:45.102Z"}
{"level":"info","message":"\u001b[32mGlobal Fields export completed successfully\u001b[39m","timestamp":"2022-05-20T12:18:46.119Z"}
{"level":"info","message":"Starting content type export","timestamp":"2022-05-20T12:18:46.129Z"}
{"level":"info","message":"\u001b[32mContent type(s) exported successfully\u001b[39m","timestamp":"2022-05-20T12:18:47.077Z"}
{"level":"info","message":"Starting workflow export","timestamp":"2022-05-20T12:18:47.088Z"}
{"level":"info","message":"No workflow were found in the Stack","timestamp":"2022-05-20T12:18:48.080Z"}
{"level":"info","message":"Starting entry migration","timestamp":"2022-05-20T12:18:48.095Z"}
{"level":"info","message":"Exported entries of author to the en-us language successfully","timestamp":"2022-05-20T12:18:50.147Z"}
{"level":"info","message":"Exported entries of blog_post to the en-us language successfully","timestamp":"2022-05-20T12:18:52.210Z"}
{"level":"info","message":"Exported entries of footer to the en-us language successfully","timestamp":"2022-05-20T12:18:54.334Z"}
{"level":"info","message":"Exported entries of header to the en-us language successfully","timestamp":"2022-05-20T12:18:56.373Z"}
{"level":"info","message":"Exported entries of page to the en-us language successfully","timestamp":"2022-05-20T12:18:58.947Z"}
{"level":"info","message":"Entry migration completed successfully","timestamp":"2022-05-20T12:18:58.948Z"}
{"level":"info","message":"Starting labels export","timestamp":"2022-05-20T12:18:58.957Z"}
{"level":"info","message":"Blog labels was exported successfully","timestamp":"2022-05-20T12:19:00.009Z"}
{"level":"info","message":"Pages labels was exported successfully","timestamp":"2022-05-20T12:19:00.010Z"}
{"level":"info","message":"Components labels was exported successfully","timestamp":"2022-05-20T12:19:00.010Z"}
{"level":"info","message":"\u001b[32mAll the labels have been exported successfully\u001b[39m","timestamp":"2022-05-20T12:19:00.011Z"}
{"level":"info","message":"\u001b[32mThe content of the blt121ddad49ae01a6c has been exported succesfully!\u001b[39m","timestamp":"2022-05-20T12:19:00.011Z"}
{"level":"info","message":"The log for this is stored at /Downloads/logs/export","timestamp":"2022-05-20T12:19:00.012Z"}
{"level":"info","message":"Starting assets export","timestamp":"2022-05-20T13:59:07.760Z"}
{"level":"info","message":"No assets found","timestamp":"2022-05-20T13:59:08.823Z"}
{"level":"info","message":"Starting locale export","timestamp":"2022-05-20T13:59:08.825Z"}
{"level":"info","message":"No languages found except the master language","timestamp":"2022-05-20T13:59:09.873Z"}
{"level":"info","message":"Starting environment export","timestamp":"2022-05-20T13:59:09.878Z"}
{"level":"info","message":"No environments found","timestamp":"2022-05-20T13:59:10.851Z"}
{"level":"info","message":"Starting extension export","timestamp":"2022-05-20T13:59:10.853Z"}
{"level":"info","message":"No extensions found","timestamp":"2022-05-20T13:59:11.846Z"}
{"level":"info","message":"Starting webhooks export","timestamp":"2022-05-20T13:59:11.848Z"}
{"level":"info","message":"No webhooks found","timestamp":"2022-05-20T13:59:12.968Z"}
{"level":"info","message":"Starting Global Fields export","timestamp":"2022-05-20T13:59:12.973Z"}
{"level":"info","message":"No global fields found","timestamp":"2022-05-20T13:59:14.056Z"}
{"level":"info","message":"Starting content type export","timestamp":"2022-05-20T13:59:14.058Z"}
{"level":"info","message":"No content types were found in the Stack","timestamp":"2022-05-20T13:59:15.146Z"}
{"level":"info","message":"\u001b[32mContent type(s) exported successfully\u001b[39m","timestamp":"2022-05-20T13:59:15.147Z"}
{"level":"info","message":"Starting workflow export","timestamp":"2022-05-20T13:59:15.150Z"}
{"level":"info","message":"No workflow were found in the Stack","timestamp":"2022-05-20T13:59:16.146Z"}
{"level":"info","message":"Starting entry migration","timestamp":"2022-05-20T13:59:16.154Z"}
{"level":"info","message":"No content_types were found in the Stack","timestamp":"2022-05-20T13:59:16.155Z"}
{"level":"info","message":"Starting labels export","timestamp":"2022-05-20T13:59:16.158Z"}
{"level":"info","message":"No labels found","timestamp":"2022-05-20T13:59:17.236Z"}
{"level":"info","message":"\u001b[32mThe content of the blt1d39106bf888ddac has been exported succesfully!\u001b[39m","timestamp":"2022-05-20T13:59:17.237Z"}
{"level":"info","message":"The log for this is stored at /home/amit/Documents/stack-export-mktplc/stack-starter-app/stack/logs/export","timestamp":"2022-05-20T13:59:17.238Z"}
{"level":"info","message":"Starting assets export","timestamp":"2022-05-20T14:00:04.901Z"}
{"level":"info","message":"No assets found","timestamp":"2022-05-20T14:00:06.017Z"}
{"level":"info","message":"Starting locale export","timestamp":"2022-05-20T14:00:06.019Z"}
{"level":"info","message":"No languages found except the master language","timestamp":"2022-05-20T14:00:07.042Z"}
{"level":"info","message":"Starting environment export","timestamp":"2022-05-20T14:00:07.045Z"}
{"level":"info","message":"No environments found","timestamp":"2022-05-20T14:00:08.069Z"}
{"level":"info","message":"Starting extension export","timestamp":"2022-05-20T14:00:08.071Z"}
{"level":"info","message":"No extensions found","timestamp":"2022-05-20T14:00:09.090Z"}
{"level":"info","message":"Starting webhooks export","timestamp":"2022-05-20T14:00:09.092Z"}
{"level":"info","message":"No webhooks found","timestamp":"2022-05-20T14:00:10.125Z"}
{"level":"info","message":"Starting Global Fields export","timestamp":"2022-05-20T14:00:10.127Z"}
{"level":"info","message":"No global fields found","timestamp":"2022-05-20T14:00:11.202Z"}
{"level":"info","message":"Starting content type export","timestamp":"2022-05-20T14:00:11.205Z"}
{"level":"info","message":"No content types were found in the Stack","timestamp":"2022-05-20T14:00:12.189Z"}
{"level":"info","message":"\u001b[32mContent type(s) exported successfully\u001b[39m","timestamp":"2022-05-20T14:00:12.190Z"}
{"level":"info","message":"Starting workflow export","timestamp":"2022-05-20T14:00:12.192Z"}
{"level":"info","message":"No workflow were found in the Stack","timestamp":"2022-05-20T14:00:13.358Z"}
{"level":"info","message":"Starting entry migration","timestamp":"2022-05-20T14:00:13.361Z"}
{"level":"info","message":"No content_types were found in the Stack","timestamp":"2022-05-20T14:00:13.362Z"}
{"level":"info","message":"Starting labels export","timestamp":"2022-05-20T14:00:13.363Z"}
{"level":"info","message":"No labels found","timestamp":"2022-05-20T14:00:14.426Z"}
{"level":"info","message":"\u001b[32mThe content of the blt1d39106bf888ddac has been exported succesfully!\u001b[39m","timestamp":"2022-05-20T14:00:14.426Z"}
{"level":"info","message":"The log for this is stored at /home/amit/Documents/stack-export-mktplc/stack-starter-app/stack/logs/export","timestamp":"2022-05-20T14:00:14.426Z"}
{"level":"info","message":"Starting assets export","timestamp":"2022-05-20T14:05:38.253Z"}
{"level":"info","message":"No assets found","timestamp":"2022-05-20T14:05:39.238Z"}
{"level":"info","message":"Starting locale export","timestamp":"2022-05-20T14:05:39.242Z"}
{"level":"info","message":"No languages found except the master language","timestamp":"2022-05-20T14:05:40.359Z"}
{"level":"info","message":"Starting environment export","timestamp":"2022-05-20T14:05:40.361Z"}
{"level":"info","message":"No environments found","timestamp":"2022-05-20T14:05:41.386Z"}
{"level":"info","message":"Starting extension export","timestamp":"2022-05-20T14:05:41.388Z"}
{"level":"info","message":"No extensions found","timestamp":"2022-05-20T14:05:42.474Z"}
{"level":"info","message":"Starting webhooks export","timestamp":"2022-05-20T14:05:42.474Z"}
{"level":"info","message":"No webhooks found","timestamp":"2022-05-20T14:05:43.604Z"}
{"level":"info","message":"Starting Global Fields export","timestamp":"2022-05-20T14:05:43.605Z"}
{"level":"info","message":"No global fields found","timestamp":"2022-05-20T14:05:44.705Z"}
{"level":"info","message":"Starting content type export","timestamp":"2022-05-20T14:05:44.711Z"}
{"level":"info","message":"No content types were found in the Stack","timestamp":"2022-05-20T14:05:45.675Z"}
{"level":"info","message":"\u001b[32mContent type(s) exported successfully\u001b[39m","timestamp":"2022-05-20T14:05:45.677Z"}
{"level":"info","message":"Starting workflow export","timestamp":"2022-05-20T14:05:45.680Z"}
{"level":"info","message":"No workflow were found in the Stack","timestamp":"2022-05-20T14:05:46.652Z"}
{"level":"info","message":"Starting entry migration","timestamp":"2022-05-20T14:05:46.655Z"}
{"level":"info","message":"No content_types were found in the Stack","timestamp":"2022-05-20T14:05:46.656Z"}
{"level":"info","message":"Starting labels export","timestamp":"2022-05-20T14:05:46.656Z"}
{"level":"info","message":"No labels found","timestamp":"2022-05-20T14:05:47.596Z"}
{"level":"info","message":"\u001b[32mThe content of the blt1d39106bf888ddac has been exported succesfully!\u001b[39m","timestamp":"2022-05-20T14:05:47.597Z"}
{"level":"info","message":"The log for this is stored at /home/amit/Documents/stack-export-mktplc/stack-starter-app/stack/logs/export","timestamp":"2022-05-20T14:05:47.597Z"}
{"level":"info","message":"Starting assets export","timestamp":"2022-05-20T14:06:27.000Z"}
{"level":"info","message":"No assets found","timestamp":"2022-05-20T14:06:28.088Z"}
{"level":"info","message":"Starting locale export","timestamp":"2022-05-20T14:06:28.089Z"}
{"level":"info","message":"No languages found except the master language","timestamp":"2022-05-20T14:06:29.141Z"}
{"level":"info","message":"Starting environment export","timestamp":"2022-05-20T14:06:29.146Z"}
{"level":"info","message":"No environments found","timestamp":"2022-05-20T14:06:30.270Z"}
{"level":"info","message":"Starting extension export","timestamp":"2022-05-20T14:06:30.274Z"}
{"level":"info","message":"No extensions found","timestamp":"2022-05-20T14:06:31.244Z"}
{"level":"info","message":"Starting webhooks export","timestamp":"2022-05-20T14:06:31.246Z"}
{"level":"info","message":"No webhooks found","timestamp":"2022-05-20T14:06:32.281Z"}
{"level":"info","message":"Starting Global Fields export","timestamp":"2022-05-20T14:06:32.285Z"}
{"level":"info","message":"No global fields found","timestamp":"2022-05-20T14:06:33.383Z"}
{"level":"info","message":"Starting content type export","timestamp":"2022-05-20T14:06:33.390Z"}
{"level":"info","message":"No content types were found in the Stack","timestamp":"2022-05-20T14:06:34.429Z"}
{"level":"info","message":"\u001b[32mContent type(s) exported successfully\u001b[39m","timestamp":"2022-05-20T14:06:34.431Z"}
{"level":"info","message":"Starting workflow export","timestamp":"2022-05-20T14:06:34.433Z"}
{"level":"info","message":"No workflow were found in the Stack","timestamp":"2022-05-20T14:06:35.468Z"}
{"level":"info","message":"Starting entry migration","timestamp":"2022-05-20T14:06:35.470Z"}
{"level":"info","message":"No content_types were found in the Stack","timestamp":"2022-05-20T14:06:35.471Z"}
{"level":"info","message":"Starting labels export","timestamp":"2022-05-20T14:06:35.472Z"}
{"level":"info","message":"No labels found","timestamp":"2022-05-20T14:06:36.465Z"}
{"level":"info","message":"\u001b[32mThe content of the blt1d39106bf888ddac has been exported succesfully!\u001b[39m","timestamp":"2022-05-20T14:06:36.465Z"}
{"level":"info","message":"The log for this is stored at /home/amit/Documents/stack-export-mktplc/stack-starter-app/stack/logs/export","timestamp":"2022-05-20T14:06:36.465Z"}
